#
# A fatal error has been detected by the Java Runtime Environment:
#
#  EXCEPTION_ACCESS_VIOLATION (0xc0000005) at pc=0x000000006e9cbbb1, pid=936, tid=0x0000000000000988
#
# JRE version: OpenJDK Runtime Environment (8.0_212-b04) (build 1.8.0_212-release-1586-b04)
# Java VM: OpenJDK 64-Bit Server VM (25.212-b04 mixed mode windows-amd64 compressed oops)
# Problematic frame:
# C  [gdx-box2d64.dll+0xbbb1]
#
# Failed to write core dump. Minidumps are not enabled by default on client versions of Windows
#
# If you would like to submit a bug report, please visit:
#   
# The crash happened outside the Java Virtual Machine in native code.
# See problematic frame for where to report the bug.
#

---------------  T H R E A D  ---------------

Current thread (0x000000001add4800):  JavaThread "LWJGL Application" [_thread_in_native, id=2440, stack(0x000000001bb80000,0x000000001bc80000)]

siginfo: ExceptionCode=0xc0000005, reading address 0xffffffffffffffff

Registers:
RAX=0x000000006ea10060, RBX=0x074035a01d00d680, RCX=0x000000001a9cc570, RDX=0x00000000000000b8
RSP=0x000000001bc7e910, RBP=0x000000001a9cc5a0, RSI=0x000000001a9cc570, RDI=0x000000001bc7e9d0
R8 =0x000000001a9cc570, R9 =0x0000000000000000, R10=0x0000000000000000, R11=0x0000000000000001
R12=0x0000000000000000, R13=0x0000000000000006, R14=0x000000001bc7ebb8, R15=0x000000001add4800
RIP=0x000000006e9cbbb1, EFLAGS=0x0000000000010202

Top of Stack: (sp=0x000000001bc7e910)
0x000000001bc7e910:   00000000179eb160 000000001add4800
0x000000001bc7e920:   00000000545c2898 000000001b1eae10
0x000000001bc7e930:   0000000000000001 000000001a9cc570
0x000000001bc7e940:   000000001bc7e9d0 000000001bc7eb10
0x000000001bc7e950:   0000000000000000 00000000179eb160
0x000000001bc7e960:   000000001bc7ebb8 000000006e9e1163
0x000000001bc7e970:   000000001bc7ea10 000000001bc7ea10
0x000000001bc7e980:   0000000000000003 00000000179eb160
0x000000001bc7e990:   0000000000000001 0000000000000378
0x000000001bc7e9a0:   0000000000056c68 000000006e9e6a36
0x000000001bc7e9b0:   0000000000000000 0000000000056c68
0x000000001bc7e9c0:   000000001bc7eb10 0000000002cf54d8
0x000000001bc7e9d0:   442b400000000000 0000000040200000
0x000000001bc7e9e0:   0000000000000000 0000000000000000
0x000000001bc7e9f0:   0000010100000000 000000001bc7eb01
0x000000001bc7ea00:   0000000000000000 000000003f800000 

Instructions: (pc=0x000000006e9cbbb1)
0x000000006e9cbb91:   05 ca 44 04 00 44 0f b6 2c 18 41 80 fd 0d 4c 89
0x000000006e9cbba1:   eb 77 2c 48 8d 2c de 48 8b 5d 10 48 85 db 74 45
0x000000006e9cbbb1:   48 8b 03 48 89 45 10 48 89 d8 48 83 c4 20 5b 5e
0x000000006e9cbbc1:   5f 5d 41 5c 41 5d 41 5e c3 66 0f 1f 44 00 00 48 


Register to memory mapping:

RAX=0x000000006ea10060 is an unknown value
RBX=0x074035a01d00d680 is an unknown value
RCX=0x000000001a9cc570 is an unknown value
RDX=0x00000000000000b8 is an unknown value
RSP=0x000000001bc7e910 is pointing into the stack for thread: 0x000000001add4800
RBP=0x000000001a9cc5a0 is an unknown value
RSI=0x000000001a9cc570 is an unknown value
RDI=0x000000001bc7e9d0 is pointing into the stack for thread: 0x000000001add4800
R8 =0x000000001a9cc570 is an unknown value
R9 =0x0000000000000000 is an unknown value
R10=0x0000000000000000 is an unknown value
R11=0x0000000000000001 is an unknown value
R12=0x0000000000000000 is an unknown value
R13=0x0000000000000006 is an unknown value
R14=0x000000001bc7ebb8 is pointing into the stack for thread: 0x000000001add4800
R15=0x000000001add4800 is a thread


Stack: [0x000000001bb80000,0x000000001bc80000],  sp=0x000000001bc7e910,  free space=1018k
Native frames: (J=compiled Java code, j=interpreted, Vv=VM code, C=native code)
C  [gdx-box2d64.dll+0xbbb1]
C  [gdx-box2d64.dll+0x21163]
C  [gdx-box2d64.dll+0x26a36]
C  0x0000000002d089a7

Java frames: (J=compiled Java code, j=interpreted, Vv=VM code)
j  com.badlogic.gdx.physics.box2d.World.jniCreateBody(JIFFFFFFFFZZZZZF)J+0
j  com.badlogic.gdx.physics.box2d.World.createBody(Lcom/badlogic/gdx/physics/box2d/BodyDef;)Lcom/badlogic/gdx/physics/box2d/Body;+80
j  com.cubesquare.modelo.entidades.ActorSuelo.<init>(Lcom/badlogic/gdx/physics/box2d/World;Lcom/badlogic/gdx/graphics/Texture;FLcom/badlogic/gdx/math/Vector2;)V+53
j  com.cubesquare.herramientas.Fabricas.sueloFactory(Lcom/badlogic/gdx/physics/box2d/World;Lcom/badlogic/gdx/graphics/Texture;FLcom/badlogic/gdx/math/Vector2;)Lcom/cubesquare/modelo/entidades/ActorSuelo;+8
j  com.cubesquare.controlador.PantallaMenu.show()V+160
j  com.badlogic.gdx.Game.setScreen(Lcom/badlogic/gdx/Screen;)V+32
j  com.cubesquare.controlador.PantallaDerrota$2.changed(Lcom/badlogic/gdx/scenes/scene2d/utils/ChangeListener$ChangeEvent;Lcom/badlogic/gdx/scenes/scene2d/Actor;)V+17
j  com.badlogic.gdx.scenes.scene2d.utils.ChangeListener.handle(Lcom/badlogic/gdx/scenes/scene2d/Event;)Z+18
J 1046 C1 com.badlogic.gdx.scenes.scene2d.Actor.notify(Lcom/badlogic/gdx/scenes/scene2d/Event;Z)Z (236 bytes) @ 0x00000000030e37f4 [0x00000000030e2fc0+0x834]
j  com.badlogic.gdx.scenes.scene2d.Actor.fire(Lcom/badlogic/gdx/scenes/scene2d/Event;)Z+121
j  com.badlogic.gdx.scenes.scene2d.ui.Button.setChecked(ZZ)V+49
j  com.badlogic.gdx.scenes.scene2d.ui.Button$1.clicked(Lcom/badlogic/gdx/scenes/scene2d/InputEvent;FF)V+31
j  com.badlogic.gdx.scenes.scene2d.utils.ClickListener.touchUp(Lcom/badlogic/gdx/scenes/scene2d/InputEvent;FFII)V+108
j  com.badlogic.gdx.scenes.scene2d.InputListener.handle(Lcom/badlogic/gdx/scenes/scene2d/Event;)Z+196
j  com.badlogic.gdx.scenes.scene2d.Stage.touchUp(IIII)Z+213
j  com.badlogic.gdx.backends.lwjgl.LwjglInput.processEvents()V+283
j  com.badlogic.gdx.backends.lwjgl.LwjglApplication.mainLoop()V+661
j  com.badlogic.gdx.backends.lwjgl.LwjglApplication$1.run()V+27
v  ~StubRoutines::call_stub

---------------  P R O C E S S  ---------------

Java Threads: ( => current thread )
  0x000000001b06e000 JavaThread "LWJGL Timer" daemon [_thread_blocked, id=10016, stack(0x000000001fd10000,0x000000001fe10000)]
  0x000000001b06d000 JavaThread "AssetManager" daemon [_thread_blocked, id=15108, stack(0x000000001fc10000,0x000000001fd10000)]
  0x0000000002cee800 JavaThread "DestroyJavaVM" [_thread_blocked, id=8288, stack(0x0000000002980000,0x0000000002a80000)]
=>0x000000001add4800 JavaThread "LWJGL Application" [_thread_in_native, id=2440, stack(0x000000001bb80000,0x000000001bc80000)]
  0x0000000019b29800 JavaThread "Service Thread" daemon [_thread_blocked, id=11260, stack(0x000000001a770000,0x000000001a870000)]
  0x0000000019a93000 JavaThread "C1 CompilerThread3" daemon [_thread_blocked, id=3624, stack(0x000000001a670000,0x000000001a770000)]
  0x0000000019a88000 JavaThread "C2 CompilerThread2" daemon [_thread_blocked, id=14788, stack(0x000000001a570000,0x000000001a670000)]
  0x0000000019a81000 JavaThread "C2 CompilerThread1" daemon [_thread_blocked, id=740, stack(0x000000001a470000,0x000000001a570000)]
  0x0000000019a7f000 JavaThread "C2 CompilerThread0" daemon [_thread_blocked, id=7852, stack(0x000000001a370000,0x000000001a470000)]
  0x0000000019a7a000 JavaThread "Attach Listener" daemon [_thread_blocked, id=268, stack(0x000000001a270000,0x000000001a370000)]
  0x0000000019a77000 JavaThread "Signal Dispatcher" daemon [_thread_blocked, id=10300, stack(0x000000001a170000,0x000000001a270000)]
  0x0000000017c72800 JavaThread "Finalizer" daemon [_thread_blocked, id=7264, stack(0x0000000019f50000,0x000000001a050000)]
  0x0000000002be8800 JavaThread "Reference Handler" daemon [_thread_blocked, id=4688, stack(0x0000000019e50000,0x0000000019f50000)]

Other Threads:
  0x0000000017c67800 VMThread [stack: 0x0000000019950000,0x0000000019a50000] [id=5612]
  0x0000000019b2a000 WatcherThread [stack: 0x000000001a870000,0x000000001a970000] [id=3796]

VM state:not at safepoint (normal execution)

VM Mutex/Monitor currently owned by a thread: None

heap address: 0x0000000081c00000, size: 2020 MB, Compressed Oops mode: 32-bit
Narrow klass base: 0x0000000000000000, Narrow klass shift: 3
Compressed class space size: 1073741824 Address: 0x0000000100000000

Heap:
 PSYoungGen      total 38400K, used 22853K [0x00000000d5f00000, 0x00000000d8980000, 0x0000000100000000)
  eden space 33280K, 53% used [0x00000000d5f00000,0x00000000d7055e28,0x00000000d7f80000)
  from space 5120K, 99% used [0x00000000d7f80000,0x00000000d847b798,0x00000000d8480000)
  to   space 5120K, 0% used [0x00000000d8480000,0x00000000d8480000,0x00000000d8980000)
 ParOldGen       total 87552K, used 5520K [0x0000000081c00000, 0x0000000087180000, 0x00000000d5f00000)
  object space 87552K, 6% used [0x0000000081c00000,0x00000000821640c8,0x0000000087180000)
 Metaspace       used 8971K, capacity 9059K, committed 9088K, reserved 1056768K
  class space    used 849K, capacity 880K, committed 896K, reserved 1048576K

Card table byte_map: [0x00000000120b0000,0x00000000124b0000] byte_map_base: 0x0000000011ca2000

Marking Bits: (ParMarkBitMap*) 0x0000000054789f30
 Begin Bits: [0x0000000012f60000, 0x0000000014ef0000)
 End Bits:   [0x0000000014ef0000, 0x0000000016e80000)

Polling page: 0x00000000009f0000

CodeCache: size=245760Kb used=4044Kb max_used=4044Kb free=241715Kb
 bounds [0x0000000002cf0000, 0x00000000030f0000, 0x0000000011cf0000]
 total_blobs=1543 nmethods=1048 adapters=409
 compilation: enabled

Compilation events (10 events):
Event: 6.675 Thread 0x0000000019a93000 1044       3       com.badlogic.gdx.utils.Pools::get (7 bytes)
Event: 6.676 Thread 0x0000000019a93000 nmethod 1044 0x00000000030e2690 code [0x00000000030e2800, 0x00000000030e2968]
Event: 6.828 Thread 0x0000000019a93000 1045       1       com.badlogic.gdx.scenes.scene2d.Event::getStage (5 bytes)
Event: 6.828 Thread 0x0000000019a93000 nmethod 1045 0x00000000030e2a10 code [0x00000000030e2b60, 0x00000000030e2c70]
Event: 6.844 Thread 0x0000000019a93000 1046   !   3       com.badlogic.gdx.scenes.scene2d.Actor::notify (236 bytes)
Event: 6.848 Thread 0x0000000019a93000 nmethod 1046 0x00000000030e2cd0 code [0x00000000030e2fc0, 0x00000000030e4be8]
Event: 6.896 Thread 0x0000000019a93000 1047       3       com.badlogic.gdx.graphics.Color::set (26 bytes)
Event: 6.897 Thread 0x0000000019a93000 nmethod 1047 0x00000000030e5750 code [0x00000000030e58c0, 0x00000000030e5a68]
Event: 6.912 Thread 0x0000000019a93000 1048       3       com.badlogic.gdx.graphics.g2d.SpriteBatch::setColor (25 bytes)
Event: 6.913 Thread 0x0000000019a93000 nmethod 1048 0x00000000030e5b10 code [0x00000000030e5c80, 0x00000000030e5ed8]

GC Heap History (2 events):
Event: 2.023 GC heap before
{Heap before GC invocations=1 (full 0):
 PSYoungGen      total 38400K, used 32449K [0x00000000d5f00000, 0x00000000d8980000, 0x0000000100000000)
  eden space 33280K, 97% used [0x00000000d5f00000,0x00000000d7eb0788,0x00000000d7f80000)
  from space 5120K, 0% used [0x00000000d8480000,0x00000000d8480000,0x00000000d8980000)
  to   space 5120K, 0% used [0x00000000d7f80000,0x00000000d7f80000,0x00000000d8480000)
 ParOldGen       total 87552K, used 0K [0x0000000081c00000, 0x0000000087180000, 0x00000000d5f00000)
  object space 87552K, 0% used [0x0000000081c00000,0x0000000081c00000,0x0000000087180000)
 Metaspace       used 8678K, capacity 8867K, committed 9088K, reserved 1056768K
  class space    used 839K, capacity 880K, committed 896K, reserved 1048576K
Event: 2.029 GC heap after
Heap after GC invocations=1 (full 0):
 PSYoungGen      total 38400K, used 5101K [0x00000000d5f00000, 0x00000000d8980000, 0x0000000100000000)
  eden space 33280K, 0% used [0x00000000d5f00000,0x00000000d5f00000,0x00000000d7f80000)
  from space 5120K, 99% used [0x00000000d7f80000,0x00000000d847b798,0x00000000d8480000)
  to   space 5120K, 0% used [0x00000000d8480000,0x00000000d8480000,0x00000000d8980000)
 ParOldGen       total 87552K, used 5520K [0x0000000081c00000, 0x0000000087180000, 0x00000000d5f00000)
  object space 87552K, 6% used [0x0000000081c00000,0x00000000821640c8,0x0000000087180000)
 Metaspace       used 8678K, capacity 8867K, committed 9088K, reserved 1056768K
  class space    used 839K, capacity 880K, committed 896K, reserved 1048576K
}

Deoptimization events (6 events):
Event: 0.862 Thread 0x000000001add4800 Uncommon trap: reason=unstable_if action=reinterpret pc=0x0000000002ee6eb8 method=java.lang.String.<init>([CII)V @ 18
Event: 1.222 Thread 0x000000001b06d000 Uncommon trap: reason=unstable_if action=reinterpret pc=0x0000000002f64f04 method=com.jcraft.jogg.Buffer.read(I)I @ 23
Event: 2.406 Thread 0x000000001add4800 Uncommon trap: reason=unstable_if action=reinterpret pc=0x0000000003000984 method=com.badlogic.gdx.backends.lwjgl.audio.OggInputStream.read()I @ 8
Event: 2.858 Thread 0x000000001add4800 Uncommon trap: reason=unstable_if action=reinterpret pc=0x0000000002fedda0 method=com.badlogic.gdx.backends.lwjgl.audio.OggInputStream.read()I @ 8
Event: 2.858 Thread 0x000000001add4800 Uncommon trap: reason=unstable_if action=reinterpret pc=0x0000000003008830 method=com.jcraft.jorbis.Block.synthesis(Lcom/jcraft/jogg/Packet;)I @ 184
Event: 2.858 Thread 0x000000001add4800 Uncommon trap: reason=unstable_if action=reinterpret pc=0x000000000300e194 method=com.jcraft.jorbis.DspState.synthesis_blockin(Lcom/jcraft/jorbis/Block;)I @ 15

Classes redefined (0 events):
No events

Internal exceptions (10 events):
Event: 0.152 Thread 0x0000000002cee800 Exception <a 'java/security/PrivilegedActionException'> (0x00000000d61ec970) thrown at [D:\src\AOSP-openjdk-cygwin\jdk8u\hotspot\src\share\vm\prims\jvm.cpp, line 1502]
Event: 0.152 Thread 0x0000000002cee800 Exception <a 'java/security/PrivilegedActionException'> (0x00000000d61ecb80) thrown at [D:\src\AOSP-openjdk-cygwin\jdk8u\hotspot\src\share\vm\prims\jvm.cpp, line 1502]
Event: 0.152 Thread 0x0000000002cee800 Exception <a 'java/security/PrivilegedActionException'> (0x00000000d61ee0b8) thrown at [D:\src\AOSP-openjdk-cygwin\jdk8u\hotspot\src\share\vm\prims\jvm.cpp, line 1502]
Event: 0.152 Thread 0x0000000002cee800 Exception <a 'java/security/PrivilegedActionException'> (0x00000000d61ee2c8) thrown at [D:\src\AOSP-openjdk-cygwin\jdk8u\hotspot\src\share\vm\prims\jvm.cpp, line 1502]
Event: 0.435 Thread 0x0000000002cee800 Exception <a 'java/security/PrivilegedActionException'> (0x00000000d6333080) thrown at [D:\src\AOSP-openjdk-cygwin\jdk8u\hotspot\src\share\vm\prims\jvm.cpp, line 1502]
Event: 0.435 Thread 0x0000000002cee800 Exception <a 'java/security/PrivilegedActionException'> (0x00000000d6334d58) thrown at [D:\src\AOSP-openjdk-cygwin\jdk8u\hotspot\src\share\vm\prims\jvm.cpp, line 1502]
Event: 0.435 Thread 0x0000000002cee800 Exception <a 'java/security/PrivilegedActionException'> (0x00000000d6335ec8) thrown at [D:\src\AOSP-openjdk-cygwin\jdk8u\hotspot\src\share\vm\prims\jvm.cpp, line 1502]
Event: 0.435 Thread 0x0000000002cee800 Exception <a 'java/security/PrivilegedActionException'> (0x00000000d633b030) thrown at [D:\src\AOSP-openjdk-cygwin\jdk8u\hotspot\src\share\vm\prims\jvm.cpp, line 1502]
Event: 0.435 Thread 0x0000000002cee800 Exception <a 'java/security/PrivilegedActionException'> (0x00000000d633bc88) thrown at [D:\src\AOSP-openjdk-cygwin\jdk8u\hotspot\src\share\vm\prims\jvm.cpp, line 1502]
Event: 0.435 Thread 0x0000000002cee800 Exception <a 'java/security/PrivilegedActionException'> (0x00000000d633c8b0) thrown at [D:\src\AOSP-openjdk-cygwin\jdk8u\hotspot\src\share\vm\prims\jvm.cpp, line 1502]

Events (10 events):
Event: 3.913 loading class com/badlogic/gdx/scenes/scene2d/actions/Actions
Event: 3.913 loading class com/badlogic/gdx/scenes/scene2d/actions/Actions done
Event: 3.915 loading class com/cubesquare/controlador/PantallaJuego$2$1
Event: 3.915 loading class com/cubesquare/controlador/PantallaJuego$2$1 done
Event: 4.147 Executing VM operation: EnableBiasedLocking
Event: 4.147 Executing VM operation: EnableBiasedLocking done
Event: 5.971 loading class com/cubesquare/controlador/PantallaDerrota$1
Event: 5.971 loading class com/cubesquare/controlador/PantallaDerrota$1 done
Event: 5.972 loading class com/cubesquare/controlador/PantallaDerrota$2
Event: 5.972 loading class com/cubesquare/controlador/PantallaDerrota$2 done


Dynamic libraries:
0x00007ff6c4fa0000 - 0x00007ff6c4fd1000 	C:\Program Files\Android\Android Studio\jre\bin\java.exe
0x00007ffbc0d80000 - 0x00007ffbc0f70000 	C:\WINDOWS\SYSTEM32\ntdll.dll
0x00007ffbbefd0000 - 0x00007ffbbf082000 	C:\WINDOWS\System32\KERNEL32.DLL
0x00007ffbbeb60000 - 0x00007ffbbee03000 	C:\WINDOWS\System32\KERNELBASE.dll
0x00007ffbbeec0000 - 0x00007ffbbef63000 	C:\WINDOWS\System32\ADVAPI32.dll
0x00007ffbc0c00000 - 0x00007ffbc0c9e000 	C:\WINDOWS\System32\msvcrt.dll
0x00007ffbc0ca0000 - 0x00007ffbc0d37000 	C:\WINDOWS\System32\sechost.dll
0x00007ffbbf920000 - 0x00007ffbbfa40000 	C:\WINDOWS\System32\RPCRT4.dll
0x00007ffbbf780000 - 0x00007ffbbf914000 	C:\WINDOWS\System32\USER32.dll
0x00007ffbbeb30000 - 0x00007ffbbeb51000 	C:\WINDOWS\System32\win32u.dll
0x00007ffbbfa40000 - 0x00007ffbbfa66000 	C:\WINDOWS\System32\GDI32.dll
0x00007ffbbe6b0000 - 0x00007ffbbe844000 	C:\WINDOWS\System32\gdi32full.dll
0x00007ffbbe5c0000 - 0x00007ffbbe65e000 	C:\WINDOWS\System32\msvcp_win.dll
0x00007ffbbea00000 - 0x00007ffbbeafa000 	C:\WINDOWS\System32\ucrtbase.dll
0x00007ffbafce0000 - 0x00007ffbaff65000 	C:\WINDOWS\WinSxS\amd64_microsoft.windows.common-controls_6595b64144ccf1df_6.0.18362.720_none_e6beb5c51314836b\COMCTL32.dll
0x00007ffbc08c0000 - 0x00007ffbc0bf6000 	C:\WINDOWS\System32\combase.dll
0x00007ffbbe540000 - 0x00007ffbbe5c0000 	C:\WINDOWS\System32\bcryptPrimitives.dll
0x00007ffbc00c0000 - 0x00007ffbc00ee000 	C:\WINDOWS\System32\IMM32.DLL
0x0000000053c70000 - 0x0000000053d42000 	C:\Program Files\Android\Android Studio\jre\jre\bin\msvcr100.dll
0x0000000053fc0000 - 0x0000000054806000 	C:\Program Files\Android\Android Studio\jre\jre\bin\server\jvm.dll
0x00007ffbc0700000 - 0x00007ffbc0708000 	C:\WINDOWS\System32\PSAPI.DLL
0x00007ffbb76e0000 - 0x00007ffbb76e9000 	C:\WINDOWS\SYSTEM32\WSOCK32.dll
0x00007ffbbbbd0000 - 0x00007ffbbbbf4000 	C:\WINDOWS\SYSTEM32\WINMM.dll
0x00007ffbb3ab0000 - 0x00007ffbb3aba000 	C:\WINDOWS\SYSTEM32\VERSION.dll
0x00007ffbc0160000 - 0x00007ffbc01cf000 	C:\WINDOWS\System32\WS2_32.dll
0x00007ffbbb750000 - 0x00007ffbbb77d000 	C:\WINDOWS\SYSTEM32\winmmbase.dll
0x00007ffbbe660000 - 0x00007ffbbe6aa000 	C:\WINDOWS\System32\cfgmgr32.dll
0x00007ffbb76d0000 - 0x00007ffbb76df000 	C:\Program Files\Android\Android Studio\jre\jre\bin\verify.dll
0x00007ffbb76a0000 - 0x00007ffbb76c9000 	C:\Program Files\Android\Android Studio\jre\jre\bin\java.dll
0x00007ffbb7680000 - 0x00007ffbb7696000 	C:\Program Files\Android\Android Studio\jre\jre\bin\zip.dll
0x00007ffbbf090000 - 0x00007ffbbf775000 	C:\WINDOWS\System32\SHELL32.dll
0x00007ffbc0570000 - 0x00007ffbc0619000 	C:\WINDOWS\System32\shcore.dll
0x00007ffbbddc0000 - 0x00007ffbbe540000 	C:\WINDOWS\System32\windows.storage.dll
0x00007ffbbdce0000 - 0x00007ffbbdd03000 	C:\WINDOWS\System32\profapi.dll
0x00007ffbbdc90000 - 0x00007ffbbdcda000 	C:\WINDOWS\System32\powrprof.dll
0x00007ffbbdc40000 - 0x00007ffbbdc50000 	C:\WINDOWS\System32\UMPDC.dll
0x00007ffbbef70000 - 0x00007ffbbefc2000 	C:\WINDOWS\System32\shlwapi.dll
0x00007ffbbdc50000 - 0x00007ffbbdc61000 	C:\WINDOWS\System32\kernel.appcore.dll
0x00007ffbbee10000 - 0x00007ffbbee27000 	C:\WINDOWS\System32\cryptsp.dll
0x0000000065ac0000 - 0x0000000065b0b000 	C:\Users\Degus\AppData\Local\Temp\libgdxDegus\7d76f548\gdx64.dll
0x00007ffbbcfc0000 - 0x00007ffbbcff3000 	C:\WINDOWS\system32\rsaenh.dll
0x00007ffbbeb00000 - 0x00007ffbbeb26000 	C:\WINDOWS\System32\bcrypt.dll
0x00007ffbbdb60000 - 0x00007ffbbdb85000 	C:\WINDOWS\SYSTEM32\USERENV.dll
0x00007ffbbd620000 - 0x00007ffbbd62c000 	C:\WINDOWS\SYSTEM32\CRYPTBASE.dll
0x00007ffbb7660000 - 0x00007ffbb767a000 	C:\Program Files\Android\Android Studio\jre\jre\bin\net.dll
0x00007ffbb11f0000 - 0x00007ffbb13c5000 	C:\WINDOWS\SYSTEM32\urlmon.dll
0x00007ffbb1cb0000 - 0x00007ffbb1f56000 	C:\WINDOWS\SYSTEM32\iertutil.dll
0x00007ffbbd450000 - 0x00007ffbbd4b7000 	C:\WINDOWS\system32\mswsock.dll
0x00007ffbbd160000 - 0x00007ffbbd19a000 	C:\WINDOWS\SYSTEM32\IPHLPAPI.DLL
0x00007ffbc0620000 - 0x00007ffbc0628000 	C:\WINDOWS\System32\NSI.dll
0x00007ffbb6860000 - 0x00007ffbb6876000 	C:\WINDOWS\SYSTEM32\dhcpcsvc6.DLL
0x00007ffbb6720000 - 0x00007ffbb673c000 	C:\WINDOWS\SYSTEM32\dhcpcsvc.DLL
0x00007ffbbd1a0000 - 0x00007ffbbd26a000 	C:\WINDOWS\SYSTEM32\DNSAPI.dll
0x00007ffbb7570000 - 0x00007ffbb7583000 	C:\Program Files\Android\Android Studio\jre\jre\bin\nio.dll
0x0000000180000000 - 0x0000000180053000 	C:\Users\Degus\AppData\Local\Temp\libgdxDegus\1cecf4f6\lwjgl64.dll
0x00007ffb9e720000 - 0x00007ffb9e876000 	C:\WINDOWS\SYSTEM32\OPENGL32.dll
0x00007ffb9f1b0000 - 0x00007ffb9f1dc000 	C:\WINDOWS\SYSTEM32\GLU32.dll
0x00007ffbbc890000 - 0x00007ffbbc8b0000 	C:\WINDOWS\SYSTEM32\dxcore.dll
0x0000000002c40000 - 0x0000000002ca4000 	C:\Users\Degus\AppData\Local\Temp\libgdxDegus\1cecf4f6\OpenAL64.dll
0x00007ffbbff60000 - 0x00007ffbc00b7000 	C:\WINDOWS\System32\ole32.dll
0x00007ffbbbfa0000 - 0x00007ffbbc039000 	C:\WINDOWS\system32\uxtheme.dll
0x00007ffbc03f0000 - 0x00007ffbc0492000 	C:\WINDOWS\System32\clbcatq.dll
0x00007ffba5f60000 - 0x00007ffba5ff9000 	C:\WINDOWS\SYSTEM32\dsound.dll
0x00007ffbb3be0000 - 0x00007ffbb3c52000 	C:\WINDOWS\System32\MMDevApi.dll
0x00007ffbbd9e0000 - 0x00007ffbbda0a000 	C:\WINDOWS\System32\DEVOBJ.dll
0x00007ffbb1f60000 - 0x00007ffbb20bd000 	C:\WINDOWS\SYSTEM32\AUDIOSES.DLL
0x00007ffbc04a0000 - 0x00007ffbc0564000 	C:\WINDOWS\System32\OLEAUT32.dll
0x00007ffbb93c0000 - 0x00007ffbb9513000 	C:\WINDOWS\SYSTEM32\wintypes.dll
0x00007ffbbc2d0000 - 0x00007ffbbc2e4000 	C:\WINDOWS\SYSTEM32\resourcepolicyclient.dll
0x00007ffbb9700000 - 0x00007ffbb97ae000 	C:\WINDOWS\SYSTEM32\mscms.dll
0x00007ffbb9300000 - 0x00007ffbb9317000 	C:\WINDOWS\SYSTEM32\ColorAdapterClient.dll
0x00007ffbb6700000 - 0x00007ffbb671a000 	C:\Windows\System32\Windows.Internal.Graphics.Display.DisplayColorManagement.dll
0x00007ffbc0230000 - 0x00007ffbc0366000 	C:\WINDOWS\System32\MSCTF.dll
0x00007ffbb3550000 - 0x00007ffbb35ee000 	C:\WINDOWS\System32\TextInputFramework.dll
0x00007ffbbbaf0000 - 0x00007ffbbbbc4000 	C:\WINDOWS\System32\CoreMessaging.dll
0x00007ffbb9990000 - 0x00007ffbb9cba000 	C:\WINDOWS\System32\CoreUIComponents.dll
0x00007ffbbcc80000 - 0x00007ffbbccb1000 	C:\WINDOWS\SYSTEM32\ntmarta.dll
0x00007ffb780f0000 - 0x00007ffb78922000 	C:\WINDOWS\SYSTEM32\ig7icd64.dll
0x00007ffbb3f00000 - 0x00007ffbb4364000 	C:\WINDOWS\SYSTEM32\igdusc64.dll
0x00007ffbbc3c0000 - 0x00007ffbbc3ed000 	C:\WINDOWS\SYSTEM32\dwmapi.dll
0x00007ffbba730000 - 0x00007ffbba743000 	C:\WINDOWS\SYSTEM32\WTSAPI32.dll
0x00007ffba6100000 - 0x00007ffba6143000 	C:\WINDOWS\SYSTEM32\icm32.dll
0x00007ffbbc920000 - 0x00007ffbbca0b000 	C:\WINDOWS\SYSTEM32\dxgi.dll
0x00007ffbbae80000 - 0x00007ffbbb0db000 	C:\WINDOWS\SYSTEM32\d3d11.dll
0x00007ffbb4700000 - 0x00007ffbb52a2000 	C:\WINDOWS\SYSTEM32\igd10iumd64.dll
0x00007ffbbd720000 - 0x00007ffbbd746000 	C:\WINDOWS\SYSTEM32\ncrypt.dll
0x00007ffbbd6e0000 - 0x00007ffbbd71b000 	C:\WINDOWS\SYSTEM32\NTASN1.dll
0x000000006e9c0000 - 0x000000006ea1b000 	C:\Users\Degus\AppData\Local\Temp\libgdxDegus\b8f13a6a\gdx-box2d64.dll
0x00007ffba95e0000 - 0x00007ffba97d4000 	C:\WINDOWS\SYSTEM32\dbghelp.dll

VM Arguments:
jvm_args: -Dfile.encoding=windows-1252 -Duser.country=ES -Duser.language=es -Duser.variant 
java_command: com.cubesquare.desktop.DesktopLauncher
java_class_path (initial): D:\Documentos\ProyectoDAM\CubeSquare\desktop\build\classes\java\main;D:\Documentos\ProyectoDAM\CubeSquare\desktop\build\resources\main;C:\Users\Degus\.gradle\caches\modules-2\files-2.1\com.badlogicgames.gdx\gdx-backend-lwjgl\1.9.10\8f88abd43500d94c486d25f04d642318da72773a\gdx-backend-lwjgl-1.9.10.jar;C:\Users\Degus\.gradle\caches\modules-2\files-2.1\com.badlogicgames.gdx\gdx-platform\1.9.10\1907b49f8363dd1ee37d273854a9cc3c741a6e66\gdx-platform-1.9.10-natives-desktop.jar;C:\Users\Degus\.gradle\caches\modules-2\files-2.1\com.badlogicgames.gdx\gdx-box2d-platform\1.9.10\91b19c283b24eec646a18e0e7b940c829920df4f\gdx-box2d-platform-1.9.10-natives-desktop.jar;C:\Users\Degus\.gradle\caches\modules-2\files-2.1\com.badlogicgames.gdx\gdx-freetype-platform\1.9.10\5c4b67db9c1d62383b718ce040c7cdb555d5b19f\gdx-freetype-platform-1.9.10-natives-desktop.jar;D:\Documentos\ProyectoDAM\CubeSquare\core\build\libs\core-1.0.jar;C:\Users\Degus\.gradle\caches\modules-2\files-2.1\com.badlogicgames.gdx\gdx-box2d\1.9.10\d68a7a3484d47529a8d23cd467579eb098b38a9e\gdx-box2d-1.9.10.jar;C:\Users\Degus\.gradle\caches\modules-2\files-2.1\com.badlogicgames.gdx\gdx-freetype\1.9.10\8853e4f08589a9feb4b851187909cfde8810e491\gdx-freetype-1.9.10.jar;C:\Users\Degus\.gradle\caches\modules-2\files-2.1\com.badlogicgames.gdx\gdx\1.9.10\79d9ad27bd5e3eb18c9ade61d3a27d7237695d53\gdx-1.9.10.jar;C:\Users\Degus\.gradle\caches\modules-2\files-2.1\org.lwjgl.lwjgl\lwjgl_util\2.9.3\751f06b62424da056954c67288fd5c494431e350\lwjgl_util-2.9.3.jar;C:\Users\Degus\.gradle\caches\modules-2\files-2.1\org.lwjgl.lwjgl\lwjgl\2.9.3\3df168ac74e4a8c96562cdff24ad352e255bf89c\lwjgl-2.9.3.jar;C:\Users\Degus\.gradle\caches\modules-2\files-2.1\com.badlogicgames.jlayer\jlayer\1.0.1-gdx\7cca83cec5c1b2f011362f4d85aabd71a73b049d\jlayer-1.0.1-gdx.jar;C:\Users\Degus\.gradle\caches\modules-2\files-2.1\org.jcraft\jorbis\0.0.17\8872d22b293e8f5d7d56ff92be966e6dc28ebdc6\jorbis-0.0.17.jar;C:\Users\Degus\.gradle\caches\modules-2
Launcher Type: SUN_STANDARD

Environment Variables:
PATH=C:\Program Files (x86)\Common Files\Oracle\Java\javapath;C:\ProgramData\Oracle\Java\javapath;C:\WINDOWS\system32;C:\WINDOWS;C:\WINDOWS\System32\Wbem;C:\WINDOWS\System32\WindowsPowerShell\v1.0\;C:\WINDOWS\System32\OpenSSH\;C:\Program Files\Intel\WiFi\bin\;C:\Program Files\Common Files\Intel\WirelessCommon\;C:\Program Files\dotnet\;C:\Program Files\Microsoft SQL Server\130\Tools\Binn\;C:\Program Files (x86)\Brackets\command;C:\Users\Degus\AppData\Local\Programs\Python\Python37;C:\Users\Degus\AppData\Local\Programs\Python\Python37\Scripts;C:\Program Files\MySQL\MySQL Workbench 8.0 CE;C:\Program Files\Git\cmd;C:\Users\Degus\AppData\Local\Programs\Python\Python38-32\Scripts\;C:\Users\Degus\AppData\Local\Programs\Python\Python38-32\;C:\Users\Degus\AppData\Local\Programs\Python\Python37\Scripts\;C:\Users\Degus\AppData\Local\Programs\Python\Python37\;C:\Users\Degus\AppData\Local\Microsoft\WindowsApps;C:\Program Files\Intel\WiFi\bin\;C:\Program Files\Common Files\Intel\WirelessCommon\;C:\Program Files\JetBrains\IntelliJ IDEA Community Edition 2018.3\bin;C:\Users\Degus\AppData\Local\GitHubDesktop\bin;C:\Users\Degus\AppData\Local\Microsoft\WindowsApps;
USERNAME=Degus
OS=Windows_NT
PROCESSOR_IDENTIFIER=Intel64 Family 6 Model 58 Stepping 9, GenuineIntel



---------------  S Y S T E M  ---------------

OS: Windows 10.0 , 64 bit Build 18362 (10.0.18362.329)

CPU:total 8 (initial active 8) (4 cores per cpu, 2 threads per core) family 6 model 58 stepping 9, cmov, cx8, fxsr, mmx, sse, sse2, sse3, ssse3, sse4.1, sse4.2, popcnt, avx, aes, clmul, erms, ht, tsc, tscinvbit, tscinv

Memory: 4k page, physical 8271696k(4026528k free), swap 10039332k(1568788k free)

vm_info: OpenJDK 64-Bit Server VM (25.212-b04) for windows-amd64 JRE (1.8.0_212-release-1586-b04), built by "builder" with MS VC++ 10.0 (VS2010)

time: Fri Apr 03 11:04:39 2020
timezone: Hora de verano romance
elapsed time: 7 seconds (0d 0h 0m 7s)

