#
# A fatal error has been detected by the Java Runtime Environment:
#
#  EXCEPTION_ACCESS_VIOLATION (0xc0000005) at pc=0x000000006e9e1147, pid=6088, tid=0x0000000000000ab4
#
# JRE version: OpenJDK Runtime Environment (8.0_212-b04) (build 1.8.0_212-release-1586-b04)
# Java VM: OpenJDK 64-Bit Server VM (25.212-b04 mixed mode windows-amd64 compressed oops)
# Problematic frame:
# C  [gdx-box2d64.dll+0x21147]
#
# Failed to write core dump. Minidumps are not enabled by default on client versions of Windows
#
# If you would like to submit a bug report, please visit:
#   
# The crash happened outside the Java Virtual Machine in native code.
# See problematic frame for where to report the bug.
#

---------------  T H R E A D  ---------------

Current thread (0x000000001a994000):  JavaThread "LWJGL Application" [_thread_in_native, id=2740, stack(0x000000001b4e0000,0x000000001b5e0000)]

siginfo: ExceptionCode=0xc0000005, reading address 0x000000001a475808

Registers:
RAX=0x0000000000000000, RBX=0x0000000000000001, RCX=0x000000001a45c570, RDX=0x000000001b5de600
RSP=0x000000001b5de5a0, RBP=0x000000001b5de740, RSI=0x0000000016d30480, RDI=0x0000000000057eb8
R8 =0x000000001a45c570, R9 =0x0000000000000000, R10=0x0000000000000000, R11=0x0000000000000001
R12=0x0000000000000000, R13=0x000000001749af78, R14=0x000000001b5de7e8, R15=0x000000001a994000
RIP=0x000000006e9e1147, EFLAGS=0x0000000000010206

Top of Stack: (sp=0x000000001b5de5a0)
0x000000001b5de5a0:   000000001b5de640 000000001b5de640
0x000000001b5de5b0:   0000000000000003 000000001749af78
0x000000001b5de5c0:   0000000000000001 0000000016d30480
0x000000001b5de5d0:   0000000000057eb8 000000006e9e6a36
0x000000001b5de5e0:   0000000000000000 0000000000057eb8
0x000000001b5de5f0:   000000001b5de740 00000000027754d8
0x000000001b5de600:   442b400000000000 0000000040200000
0x000000001b5de610:   0000000000000000 0000000000000000
0x000000001b5de620:   0000010100000000 000000001b5de701
0x000000001b5de630:   0000000000000000 000000003f800000
0x000000001b5de640:   000000001749af78 00000000027889a7
0x000000001b5de650:   00000000d7fa6690 0000000002888e19
0x000000001b5de660:   000000001a99c390 00000000540526b6
0x000000001b5de670:   00000000442b4000 0000000040200000
0x000000001b5de680:   0000000000000000 0000000000000000
0x000000001b5de690:   0000000000000000 0000000000000000 

Instructions: (pc=0x000000006e9e1147)
0x000000006e9e1127:   c3 0f 1f 84 00 00 00 00 00 48 89 91 50 93 01 00
0x000000006e9e1137:   c3 0f 1f 84 00 00 00 00 00 57 56 53 48 83 ec 20
0x000000006e9e1147:   f6 81 98 92 01 00 02 48 89 ce 48 89 d7 75 5a ba
0x000000006e9e1157:   b8 00 00 00 48 89 f1 e8 fd a9 fe ff 48 85 c0 48 


Register to memory mapping:

RAX=0x0000000000000000 is an unknown value
RBX=0x0000000000000001 is an unknown value
RCX=0x000000001a45c570 is an unknown value
RDX=0x000000001b5de600 is pointing into the stack for thread: 0x000000001a994000
RSP=0x000000001b5de5a0 is pointing into the stack for thread: 0x000000001a994000
RBP=0x000000001b5de740 is pointing into the stack for thread: 0x000000001a994000
RSI={method} {0x0000000016d30488} '<init>' '()V' in 'java/lang/Object'
RDI=0x0000000000057eb8 is an unknown value
R8 =0x000000001a45c570 is an unknown value
R9 =0x0000000000000000 is an unknown value
R10=0x0000000000000000 is an unknown value
R11=0x0000000000000001 is an unknown value
R12=0x0000000000000000 is an unknown value
R13={method} {0x000000001749af80} 'jniCreateBody' '(JIFFFFFFFFZZZZZF)J' in 'com/badlogic/gdx/physics/box2d/World'
R14=0x000000001b5de7e8 is pointing into the stack for thread: 0x000000001a994000
R15=0x000000001a994000 is a thread


Stack: [0x000000001b4e0000,0x000000001b5e0000],  sp=0x000000001b5de5a0,  free space=1017k
Native frames: (J=compiled Java code, j=interpreted, Vv=VM code, C=native code)
C  [gdx-box2d64.dll+0x21147]
C  [gdx-box2d64.dll+0x26a36]
C  0x00000000027889a7

Java frames: (J=compiled Java code, j=interpreted, Vv=VM code)
j  com.badlogic.gdx.physics.box2d.World.jniCreateBody(JIFFFFFFFFZZZZZF)J+0
j  com.badlogic.gdx.physics.box2d.World.createBody(Lcom/badlogic/gdx/physics/box2d/BodyDef;)Lcom/badlogic/gdx/physics/box2d/Body;+80
j  com.cubesquare.modelo.entidades.ActorSuelo.<init>(Lcom/badlogic/gdx/physics/box2d/World;Lcom/badlogic/gdx/graphics/Texture;FLcom/badlogic/gdx/math/Vector2;)V+53
j  com.cubesquare.herramientas.Fabricas.sueloFactory(Lcom/badlogic/gdx/physics/box2d/World;Lcom/badlogic/gdx/graphics/Texture;FLcom/badlogic/gdx/math/Vector2;)Lcom/cubesquare/modelo/entidades/ActorSuelo;+8
j  com.cubesquare.controlador.PantallaMenu.show()V+160
j  com.badlogic.gdx.Game.setScreen(Lcom/badlogic/gdx/Screen;)V+32
j  com.cubesquare.controlador.PantallaDerrota$2.changed(Lcom/badlogic/gdx/scenes/scene2d/utils/ChangeListener$ChangeEvent;Lcom/badlogic/gdx/scenes/scene2d/Actor;)V+17
j  com.badlogic.gdx.scenes.scene2d.utils.ChangeListener.handle(Lcom/badlogic/gdx/scenes/scene2d/Event;)Z+18
J 990 C1 com.badlogic.gdx.scenes.scene2d.Actor.notify(Lcom/badlogic/gdx/scenes/scene2d/Event;Z)Z (236 bytes) @ 0x0000000002b424f4 [0x0000000002b41cc0+0x834]
j  com.badlogic.gdx.scenes.scene2d.Actor.fire(Lcom/badlogic/gdx/scenes/scene2d/Event;)Z+121
j  com.badlogic.gdx.scenes.scene2d.ui.Button.setChecked(ZZ)V+49
j  com.badlogic.gdx.scenes.scene2d.ui.Button$1.clicked(Lcom/badlogic/gdx/scenes/scene2d/InputEvent;FF)V+31
j  com.badlogic.gdx.scenes.scene2d.utils.ClickListener.touchUp(Lcom/badlogic/gdx/scenes/scene2d/InputEvent;FFII)V+108
j  com.badlogic.gdx.scenes.scene2d.InputListener.handle(Lcom/badlogic/gdx/scenes/scene2d/Event;)Z+196
j  com.badlogic.gdx.scenes.scene2d.Stage.touchUp(IIII)Z+213
j  com.badlogic.gdx.backends.lwjgl.LwjglInput.processEvents()V+283
j  com.badlogic.gdx.backends.lwjgl.LwjglApplication.mainLoop()V+661
j  com.badlogic.gdx.backends.lwjgl.LwjglApplication$1.run()V+27
v  ~StubRoutines::call_stub

---------------  P R O C E S S  ---------------

Java Threads: ( => current thread )
  0x000000001abdb000 JavaThread "LWJGL Timer" daemon [_thread_blocked, id=14384, stack(0x000000001f830000,0x000000001f930000)]
  0x000000001abda800 JavaThread "AssetManager" daemon [_thread_blocked, id=11056, stack(0x000000001f730000,0x000000001f830000)]
  0x000000000256e800 JavaThread "DestroyJavaVM" [_thread_blocked, id=1036, stack(0x0000000002570000,0x0000000002670000)]
=>0x000000001a994000 JavaThread "LWJGL Application" [_thread_in_native, id=2740, stack(0x000000001b4e0000,0x000000001b5e0000)]
  0x00000000195b9800 JavaThread "Service Thread" daemon [_thread_blocked, id=15060, stack(0x000000001a200000,0x000000001a300000)]
  0x000000001951a800 JavaThread "C1 CompilerThread3" daemon [_thread_blocked, id=9460, stack(0x000000001a100000,0x000000001a200000)]
  0x0000000019516800 JavaThread "C2 CompilerThread2" daemon [_thread_blocked, id=6196, stack(0x000000001a000000,0x000000001a100000)]
  0x000000001950f800 JavaThread "C2 CompilerThread1" daemon [_thread_blocked, id=10932, stack(0x0000000019f00000,0x000000001a000000)]
  0x000000001950d800 JavaThread "C2 CompilerThread0" daemon [_thread_blocked, id=9040, stack(0x0000000019e00000,0x0000000019f00000)]
  0x000000001950d000 JavaThread "Attach Listener" daemon [_thread_blocked, id=12480, stack(0x0000000019d00000,0x0000000019e00000)]
  0x0000000019508000 JavaThread "Signal Dispatcher" daemon [_thread_blocked, id=11148, stack(0x0000000019c00000,0x0000000019d00000)]
  0x000000000276d800 JavaThread "Finalizer" daemon [_thread_blocked, id=14052, stack(0x00000000199e0000,0x0000000019ae0000)]
  0x0000000019500800 JavaThread "Reference Handler" daemon [_thread_blocked, id=13600, stack(0x00000000198e0000,0x00000000199e0000)]

Other Threads:
  0x0000000017716800 VMThread [stack: 0x00000000193e0000,0x00000000194e0000] [id=13780]
  0x00000000195ba800 WatcherThread [stack: 0x000000001a300000,0x000000001a400000] [id=13748]

VM state:not at safepoint (normal execution)

VM Mutex/Monitor currently owned by a thread: None

heap address: 0x0000000081c00000, size: 2020 MB, Compressed Oops mode: 32-bit
Narrow klass base: 0x0000000000000000, Narrow klass shift: 3
Compressed class space size: 1073741824 Address: 0x0000000100000000

Heap:
 PSYoungGen      total 38400K, used 29830K [0x00000000d5f00000, 0x00000000d8980000, 0x0000000100000000)
  eden space 33280K, 74% used [0x00000000d5f00000,0x00000000d7722060,0x00000000d7f80000)
  from space 5120K, 99% used [0x00000000d7f80000,0x00000000d847f7a8,0x00000000d8480000)
  to   space 5120K, 0% used [0x00000000d8480000,0x00000000d8480000,0x00000000d8980000)
 ParOldGen       total 87552K, used 5530K [0x0000000081c00000, 0x0000000087180000, 0x00000000d5f00000)
  object space 87552K, 6% used [0x0000000081c00000,0x0000000082166a98,0x0000000087180000)
 Metaspace       used 8982K, capacity 9059K, committed 9088K, reserved 1056768K
  class space    used 850K, capacity 880K, committed 896K, reserved 1048576K

Card table byte_map: [0x0000000011b30000,0x0000000011f30000] byte_map_base: 0x0000000011722000

Marking Bits: (ParMarkBitMap*) 0x0000000054789f30
 Begin Bits: [0x00000000129e0000, 0x0000000014970000)
 End Bits:   [0x0000000014970000, 0x0000000016900000)

Polling page: 0x00000000008c0000

CodeCache: size=245760Kb used=4087Kb max_used=4087Kb free=241672Kb
 bounds [0x0000000002770000, 0x0000000002b80000, 0x0000000011770000]
 total_blobs=1550 nmethods=1055 adapters=409
 compilation: enabled

Compilation events (10 events):
Event: 6.948 Thread 0x000000001951a800 1051       3       com.badlogic.gdx.scenes.scene2d.ui.TextButton::draw (169 bytes)
Event: 6.950 Thread 0x000000001951a800 nmethod 1051 0x0000000002b68c90 code [0x0000000002b68e80, 0x0000000002b69ad8]
Event: 6.950 Thread 0x000000001951a800 1052       3       com.badlogic.gdx.scenes.scene2d.utils.NinePatchDrawable::draw (15 bytes)
Event: 6.951 Thread 0x000000001951a800 nmethod 1052 0x0000000002b68650 code [0x0000000002b687e0, 0x0000000002b68a98]
Event: 7.066 Thread 0x000000001951a800 1053       3       com.badlogic.gdx.graphics.g2d.BitmapFontCache::draw (73 bytes)
Event: 7.067 Thread 0x000000001951a800 nmethod 1053 0x0000000002b70d90 code [0x0000000002b70f40, 0x0000000002b71538]
Event: 7.252 Thread 0x000000001951a800 1054       3       com.badlogic.gdx.graphics.Color::set (26 bytes)
Event: 7.253 Thread 0x000000001951a800 nmethod 1054 0x0000000002b68290 code [0x0000000002b68400, 0x0000000002b685a8]
Event: 7.269 Thread 0x000000001951a800 1055       3       com.badlogic.gdx.graphics.g2d.SpriteBatch::setColor (25 bytes)
Event: 7.270 Thread 0x000000001951a800 nmethod 1055 0x0000000002b71950 code [0x0000000002b71ac0, 0x0000000002b71d18]

GC Heap History (2 events):
Event: 2.359 GC heap before
{Heap before GC invocations=1 (full 0):
 PSYoungGen      total 38400K, used 32558K [0x00000000d5f00000, 0x00000000d8980000, 0x0000000100000000)
  eden space 33280K, 97% used [0x00000000d5f00000,0x00000000d7ecbb98,0x00000000d7f80000)
  from space 5120K, 0% used [0x00000000d8480000,0x00000000d8480000,0x00000000d8980000)
  to   space 5120K, 0% used [0x00000000d7f80000,0x00000000d7f80000,0x00000000d8480000)
 ParOldGen       total 87552K, used 0K [0x0000000081c00000, 0x0000000087180000, 0x00000000d5f00000)
  object space 87552K, 0% used [0x0000000081c00000,0x0000000081c00000,0x0000000087180000)
 Metaspace       used 8675K, capacity 8867K, committed 9088K, reserved 1056768K
  class space    used 837K, capacity 880K, committed 896K, reserved 1048576K
Event: 2.364 GC heap after
Heap after GC invocations=1 (full 0):
 PSYoungGen      total 38400K, used 5117K [0x00000000d5f00000, 0x00000000d8980000, 0x0000000100000000)
  eden space 33280K, 0% used [0x00000000d5f00000,0x00000000d5f00000,0x00000000d7f80000)
  from space 5120K, 99% used [0x00000000d7f80000,0x00000000d847f7a8,0x00000000d8480000)
  to   space 5120K, 0% used [0x00000000d8480000,0x00000000d8480000,0x00000000d8980000)
 ParOldGen       total 87552K, used 5530K [0x0000000081c00000, 0x0000000087180000, 0x00000000d5f00000)
  object space 87552K, 6% used [0x0000000081c00000,0x0000000082166a98,0x0000000087180000)
 Metaspace       used 8675K, capacity 8867K, committed 9088K, reserved 1056768K
  class space    used 837K, capacity 880K, committed 896K, reserved 1048576K
}

Deoptimization events (7 events):
Event: 0.910 Thread 0x000000001a994000 Uncommon trap: reason=unstable_if action=reinterpret pc=0x0000000002965878 method=java.lang.String.<init>([CII)V @ 18
Event: 1.281 Thread 0x000000001abda800 Uncommon trap: reason=unstable_if action=reinterpret pc=0x00000000029eb984 method=com.jcraft.jogg.Buffer.read(I)I @ 23
Event: 2.760 Thread 0x000000001a994000 Uncommon trap: reason=unstable_if action=reinterpret pc=0x0000000002a91444 method=com.badlogic.gdx.backends.lwjgl.audio.OggInputStream.read()I @ 8
Event: 2.765 Thread 0x000000001a994000 Uncommon trap: reason=unstable_if action=reinterpret pc=0x0000000002a7ed1c method=com.jcraft.jorbis.DspState.synthesis_blockin(Lcom/jcraft/jorbis/Block;)I @ 592
Event: 3.561 Thread 0x000000001a994000 Uncommon trap: reason=unstable_if action=reinterpret pc=0x0000000002a77da0 method=com.badlogic.gdx.backends.lwjgl.audio.OggInputStream.read()I @ 8
Event: 3.562 Thread 0x000000001a994000 Uncommon trap: reason=unstable_if action=reinterpret pc=0x0000000002a99c30 method=com.jcraft.jorbis.Block.synthesis(Lcom/jcraft/jogg/Packet;)I @ 184
Event: 3.562 Thread 0x000000001a994000 Uncommon trap: reason=unstable_if action=reinterpret pc=0x0000000002aa0de4 method=com.jcraft.jorbis.DspState.synthesis_blockin(Lcom/jcraft/jorbis/Block;)I @ 15

Classes redefined (0 events):
No events

Internal exceptions (10 events):
Event: 0.181 Thread 0x000000000256e800 Exception <a 'java/security/PrivilegedActionException'> (0x00000000d61ec9a0) thrown at [D:\src\AOSP-openjdk-cygwin\jdk8u\hotspot\src\share\vm\prims\jvm.cpp, line 1502]
Event: 0.181 Thread 0x000000000256e800 Exception <a 'java/security/PrivilegedActionException'> (0x00000000d61ecbb0) thrown at [D:\src\AOSP-openjdk-cygwin\jdk8u\hotspot\src\share\vm\prims\jvm.cpp, line 1502]
Event: 0.181 Thread 0x000000000256e800 Exception <a 'java/security/PrivilegedActionException'> (0x00000000d61ee0e8) thrown at [D:\src\AOSP-openjdk-cygwin\jdk8u\hotspot\src\share\vm\prims\jvm.cpp, line 1502]
Event: 0.181 Thread 0x000000000256e800 Exception <a 'java/security/PrivilegedActionException'> (0x00000000d61ee2f8) thrown at [D:\src\AOSP-openjdk-cygwin\jdk8u\hotspot\src\share\vm\prims\jvm.cpp, line 1502]
Event: 0.472 Thread 0x000000000256e800 Exception <a 'java/security/PrivilegedActionException'> (0x00000000d6332c70) thrown at [D:\src\AOSP-openjdk-cygwin\jdk8u\hotspot\src\share\vm\prims\jvm.cpp, line 1502]
Event: 0.472 Thread 0x000000000256e800 Exception <a 'java/security/PrivilegedActionException'> (0x00000000d6334948) thrown at [D:\src\AOSP-openjdk-cygwin\jdk8u\hotspot\src\share\vm\prims\jvm.cpp, line 1502]
Event: 0.472 Thread 0x000000000256e800 Exception <a 'java/security/PrivilegedActionException'> (0x00000000d6335ab8) thrown at [D:\src\AOSP-openjdk-cygwin\jdk8u\hotspot\src\share\vm\prims\jvm.cpp, line 1502]
Event: 0.473 Thread 0x000000000256e800 Exception <a 'java/security/PrivilegedActionException'> (0x00000000d633ac20) thrown at [D:\src\AOSP-openjdk-cygwin\jdk8u\hotspot\src\share\vm\prims\jvm.cpp, line 1502]
Event: 0.473 Thread 0x000000000256e800 Exception <a 'java/security/PrivilegedActionException'> (0x00000000d633b878) thrown at [D:\src\AOSP-openjdk-cygwin\jdk8u\hotspot\src\share\vm\prims\jvm.cpp, line 1502]
Event: 0.473 Thread 0x000000000256e800 Exception <a 'java/security/PrivilegedActionException'> (0x00000000d633c4a0) thrown at [D:\src\AOSP-openjdk-cygwin\jdk8u\hotspot\src\share\vm\prims\jvm.cpp, line 1502]

Events (10 events):
Event: 4.606 loading class java/lang/Long$LongCache
Event: 4.606 loading class java/lang/Long$LongCache done
Event: 4.607 loading class com/badlogic/gdx/scenes/scene2d/actions/Actions
Event: 4.607 loading class com/badlogic/gdx/scenes/scene2d/actions/Actions done
Event: 4.611 loading class com/cubesquare/controlador/PantallaJuego$2$1
Event: 4.611 loading class com/cubesquare/controlador/PantallaJuego$2$1 done
Event: 6.651 loading class com/cubesquare/controlador/PantallaDerrota$1
Event: 6.651 loading class com/cubesquare/controlador/PantallaDerrota$1 done
Event: 6.653 loading class com/cubesquare/controlador/PantallaDerrota$2
Event: 6.653 loading class com/cubesquare/controlador/PantallaDerrota$2 done


Dynamic libraries:
0x00007ff6c4fa0000 - 0x00007ff6c4fd1000 	C:\Program Files\Android\Android Studio\jre\bin\java.exe
0x00007ffbc0d80000 - 0x00007ffbc0f70000 	C:\WINDOWS\SYSTEM32\ntdll.dll
0x00007ffbbefd0000 - 0x00007ffbbf082000 	C:\WINDOWS\System32\KERNEL32.DLL
0x00007ffbbeb60000 - 0x00007ffbbee03000 	C:\WINDOWS\System32\KERNELBASE.dll
0x00007ffbbeec0000 - 0x00007ffbbef63000 	C:\WINDOWS\System32\ADVAPI32.dll
0x00007ffbc0c00000 - 0x00007ffbc0c9e000 	C:\WINDOWS\System32\msvcrt.dll
0x00007ffbc0ca0000 - 0x00007ffbc0d37000 	C:\WINDOWS\System32\sechost.dll
0x00007ffbbf920000 - 0x00007ffbbfa40000 	C:\WINDOWS\System32\RPCRT4.dll
0x00007ffbbf780000 - 0x00007ffbbf914000 	C:\WINDOWS\System32\USER32.dll
0x00007ffbbeb30000 - 0x00007ffbbeb51000 	C:\WINDOWS\System32\win32u.dll
0x00007ffbbfa40000 - 0x00007ffbbfa66000 	C:\WINDOWS\System32\GDI32.dll
0x00007ffbbe6b0000 - 0x00007ffbbe844000 	C:\WINDOWS\System32\gdi32full.dll
0x00007ffbbe5c0000 - 0x00007ffbbe65e000 	C:\WINDOWS\System32\msvcp_win.dll
0x00007ffbbea00000 - 0x00007ffbbeafa000 	C:\WINDOWS\System32\ucrtbase.dll
0x00007ffbafce0000 - 0x00007ffbaff65000 	C:\WINDOWS\WinSxS\amd64_microsoft.windows.common-controls_6595b64144ccf1df_6.0.18362.720_none_e6beb5c51314836b\COMCTL32.dll
0x00007ffbc08c0000 - 0x00007ffbc0bf6000 	C:\WINDOWS\System32\combase.dll
0x00007ffbbe540000 - 0x00007ffbbe5c0000 	C:\WINDOWS\System32\bcryptPrimitives.dll
0x00007ffbc00c0000 - 0x00007ffbc00ee000 	C:\WINDOWS\System32\IMM32.DLL
0x0000000053c70000 - 0x0000000053d42000 	C:\Program Files\Android\Android Studio\jre\jre\bin\msvcr100.dll
0x0000000053fc0000 - 0x0000000054806000 	C:\Program Files\Android\Android Studio\jre\jre\bin\server\jvm.dll
0x00007ffbc0700000 - 0x00007ffbc0708000 	C:\WINDOWS\System32\PSAPI.DLL
0x00007ffbbbbd0000 - 0x00007ffbbbbf4000 	C:\WINDOWS\SYSTEM32\WINMM.dll
0x00007ffbb3ab0000 - 0x00007ffbb3aba000 	C:\WINDOWS\SYSTEM32\VERSION.dll
0x00007ffbb76e0000 - 0x00007ffbb76e9000 	C:\WINDOWS\SYSTEM32\WSOCK32.dll
0x00007ffbc0160000 - 0x00007ffbc01cf000 	C:\WINDOWS\System32\WS2_32.dll
0x00007ffbbb750000 - 0x00007ffbbb77d000 	C:\WINDOWS\SYSTEM32\WINMMBASE.dll
0x00007ffbbe660000 - 0x00007ffbbe6aa000 	C:\WINDOWS\System32\cfgmgr32.dll
0x00007ffbb76d0000 - 0x00007ffbb76df000 	C:\Program Files\Android\Android Studio\jre\jre\bin\verify.dll
0x00007ffbb76a0000 - 0x00007ffbb76c9000 	C:\Program Files\Android\Android Studio\jre\jre\bin\java.dll
0x00007ffbb7680000 - 0x00007ffbb7696000 	C:\Program Files\Android\Android Studio\jre\jre\bin\zip.dll
0x00007ffbbf090000 - 0x00007ffbbf775000 	C:\WINDOWS\System32\SHELL32.dll
0x00007ffbc0570000 - 0x00007ffbc0619000 	C:\WINDOWS\System32\shcore.dll
0x00007ffbbddc0000 - 0x00007ffbbe540000 	C:\WINDOWS\System32\windows.storage.dll
0x00007ffbbdce0000 - 0x00007ffbbdd03000 	C:\WINDOWS\System32\profapi.dll
0x00007ffbbdc90000 - 0x00007ffbbdcda000 	C:\WINDOWS\System32\powrprof.dll
0x00007ffbbdc40000 - 0x00007ffbbdc50000 	C:\WINDOWS\System32\UMPDC.dll
0x00007ffbbef70000 - 0x00007ffbbefc2000 	C:\WINDOWS\System32\shlwapi.dll
0x00007ffbbdc50000 - 0x00007ffbbdc61000 	C:\WINDOWS\System32\kernel.appcore.dll
0x00007ffbbee10000 - 0x00007ffbbee27000 	C:\WINDOWS\System32\cryptsp.dll
0x0000000065ac0000 - 0x0000000065b0b000 	C:\Users\Degus\AppData\Local\Temp\libgdxDegus\7d76f548\gdx64.dll
0x00007ffbbcfc0000 - 0x00007ffbbcff3000 	C:\WINDOWS\system32\rsaenh.dll
0x00007ffbbeb00000 - 0x00007ffbbeb26000 	C:\WINDOWS\System32\bcrypt.dll
0x00007ffbbdb60000 - 0x00007ffbbdb85000 	C:\WINDOWS\SYSTEM32\USERENV.dll
0x00007ffbbd620000 - 0x00007ffbbd62c000 	C:\WINDOWS\SYSTEM32\CRYPTBASE.dll
0x00007ffbb7660000 - 0x00007ffbb767a000 	C:\Program Files\Android\Android Studio\jre\jre\bin\net.dll
0x00007ffbb11f0000 - 0x00007ffbb13c5000 	C:\WINDOWS\SYSTEM32\urlmon.dll
0x00007ffbb1cb0000 - 0x00007ffbb1f56000 	C:\WINDOWS\SYSTEM32\iertutil.dll
0x00007ffbbd450000 - 0x00007ffbbd4b7000 	C:\WINDOWS\system32\mswsock.dll
0x00007ffbbd160000 - 0x00007ffbbd19a000 	C:\WINDOWS\SYSTEM32\IPHLPAPI.DLL
0x00007ffbc0620000 - 0x00007ffbc0628000 	C:\WINDOWS\System32\NSI.dll
0x00007ffbb6860000 - 0x00007ffbb6876000 	C:\WINDOWS\SYSTEM32\dhcpcsvc6.DLL
0x00007ffbb6720000 - 0x00007ffbb673c000 	C:\WINDOWS\SYSTEM32\dhcpcsvc.DLL
0x00007ffbbd1a0000 - 0x00007ffbbd26a000 	C:\WINDOWS\SYSTEM32\DNSAPI.dll
0x00007ffbb7570000 - 0x00007ffbb7583000 	C:\Program Files\Android\Android Studio\jre\jre\bin\nio.dll
0x0000000180000000 - 0x0000000180053000 	C:\Users\Degus\AppData\Local\Temp\libgdxDegus\1cecf4f6\lwjgl64.dll
0x00007ffb9e720000 - 0x00007ffb9e876000 	C:\WINDOWS\SYSTEM32\OPENGL32.dll
0x00007ffb9f1b0000 - 0x00007ffb9f1dc000 	C:\WINDOWS\SYSTEM32\GLU32.dll
0x00007ffbbc890000 - 0x00007ffbbc8b0000 	C:\WINDOWS\SYSTEM32\dxcore.dll
0x000000001b080000 - 0x000000001b0e4000 	C:\Users\Degus\AppData\Local\Temp\libgdxDegus\1cecf4f6\OpenAL64.dll
0x00007ffbbff60000 - 0x00007ffbc00b7000 	C:\WINDOWS\System32\ole32.dll
0x00007ffbbbfa0000 - 0x00007ffbbc039000 	C:\WINDOWS\system32\uxtheme.dll
0x00007ffbc03f0000 - 0x00007ffbc0492000 	C:\WINDOWS\System32\clbcatq.dll
0x00007ffba5f60000 - 0x00007ffba5ff9000 	C:\WINDOWS\SYSTEM32\dsound.dll
0x00007ffbb3be0000 - 0x00007ffbb3c52000 	C:\WINDOWS\System32\MMDevApi.dll
0x00007ffbbd9e0000 - 0x00007ffbbda0a000 	C:\WINDOWS\System32\DEVOBJ.dll
0x00007ffbb1f60000 - 0x00007ffbb20bd000 	C:\WINDOWS\SYSTEM32\AUDIOSES.DLL
0x00007ffbc04a0000 - 0x00007ffbc0564000 	C:\WINDOWS\System32\OLEAUT32.dll
0x00007ffbb93c0000 - 0x00007ffbb9513000 	C:\WINDOWS\SYSTEM32\wintypes.dll
0x00007ffbbc2d0000 - 0x00007ffbbc2e4000 	C:\WINDOWS\SYSTEM32\resourcepolicyclient.dll
0x00007ffbb9700000 - 0x00007ffbb97ae000 	C:\WINDOWS\SYSTEM32\mscms.dll
0x00007ffbb9300000 - 0x00007ffbb9317000 	C:\WINDOWS\SYSTEM32\ColorAdapterClient.dll
0x00007ffbb6700000 - 0x00007ffbb671a000 	C:\Windows\System32\Windows.Internal.Graphics.Display.DisplayColorManagement.dll
0x00007ffbc0230000 - 0x00007ffbc0366000 	C:\WINDOWS\System32\MSCTF.dll
0x00007ffbb3550000 - 0x00007ffbb35ee000 	C:\WINDOWS\System32\TextInputFramework.dll
0x00007ffbb9990000 - 0x00007ffbb9cba000 	C:\WINDOWS\System32\CoreUIComponents.dll
0x00007ffbbbaf0000 - 0x00007ffbbbbc4000 	C:\WINDOWS\System32\CoreMessaging.dll
0x00007ffbbcc80000 - 0x00007ffbbccb1000 	C:\WINDOWS\SYSTEM32\ntmarta.dll
0x00007ffb780f0000 - 0x00007ffb78922000 	C:\WINDOWS\SYSTEM32\ig7icd64.dll
0x00007ffbb3f00000 - 0x00007ffbb4364000 	C:\WINDOWS\SYSTEM32\igdusc64.dll
0x00007ffbba730000 - 0x00007ffbba743000 	C:\WINDOWS\SYSTEM32\WTSAPI32.dll
0x00007ffbbc3c0000 - 0x00007ffbbc3ed000 	C:\WINDOWS\SYSTEM32\dwmapi.dll
0x00007ffba6100000 - 0x00007ffba6143000 	C:\WINDOWS\SYSTEM32\icm32.dll
0x00007ffbbc920000 - 0x00007ffbbca0b000 	C:\WINDOWS\SYSTEM32\dxgi.dll
0x00007ffbbae80000 - 0x00007ffbbb0db000 	C:\WINDOWS\SYSTEM32\d3d11.dll
0x00007ffbb4700000 - 0x00007ffbb52a2000 	C:\WINDOWS\SYSTEM32\igd10iumd64.dll
0x00007ffbbd720000 - 0x00007ffbbd746000 	C:\WINDOWS\SYSTEM32\ncrypt.dll
0x00007ffbbd6e0000 - 0x00007ffbbd71b000 	C:\WINDOWS\SYSTEM32\NTASN1.dll
0x000000006e9c0000 - 0x000000006ea1b000 	C:\Users\Degus\AppData\Local\Temp\libgdxDegus\b8f13a6a\gdx-box2d64.dll
0x00007ffba95e0000 - 0x00007ffba97d4000 	C:\WINDOWS\SYSTEM32\dbghelp.dll

VM Arguments:
jvm_args: -Dfile.encoding=windows-1252 -Duser.country=ES -Duser.language=es -Duser.variant 
java_command: com.cubesquare.desktop.DesktopLauncher
java_class_path (initial): D:\Documentos\ProyectoDAM\CubeSquare\desktop\build\classes\java\main;D:\Documentos\ProyectoDAM\CubeSquare\desktop\build\resources\main;C:\Users\Degus\.gradle\caches\modules-2\files-2.1\com.badlogicgames.gdx\gdx-backend-lwjgl\1.9.10\8f88abd43500d94c486d25f04d642318da72773a\gdx-backend-lwjgl-1.9.10.jar;C:\Users\Degus\.gradle\caches\modules-2\files-2.1\com.badlogicgames.gdx\gdx-platform\1.9.10\1907b49f8363dd1ee37d273854a9cc3c741a6e66\gdx-platform-1.9.10-natives-desktop.jar;C:\Users\Degus\.gradle\caches\modules-2\files-2.1\com.badlogicgames.gdx\gdx-box2d-platform\1.9.10\91b19c283b24eec646a18e0e7b940c829920df4f\gdx-box2d-platform-1.9.10-natives-desktop.jar;C:\Users\Degus\.gradle\caches\modules-2\files-2.1\com.badlogicgames.gdx\gdx-freetype-platform\1.9.10\5c4b67db9c1d62383b718ce040c7cdb555d5b19f\gdx-freetype-platform-1.9.10-natives-desktop.jar;D:\Documentos\ProyectoDAM\CubeSquare\core\build\libs\core-1.0.jar;C:\Users\Degus\.gradle\caches\modules-2\files-2.1\com.badlogicgames.gdx\gdx-box2d\1.9.10\d68a7a3484d47529a8d23cd467579eb098b38a9e\gdx-box2d-1.9.10.jar;C:\Users\Degus\.gradle\caches\modules-2\files-2.1\com.badlogicgames.gdx\gdx-freetype\1.9.10\8853e4f08589a9feb4b851187909cfde8810e491\gdx-freetype-1.9.10.jar;C:\Users\Degus\.gradle\caches\modules-2\files-2.1\com.badlogicgames.gdx\gdx\1.9.10\79d9ad27bd5e3eb18c9ade61d3a27d7237695d53\gdx-1.9.10.jar;C:\Users\Degus\.gradle\caches\modules-2\files-2.1\org.lwjgl.lwjgl\lwjgl_util\2.9.3\751f06b62424da056954c67288fd5c494431e350\lwjgl_util-2.9.3.jar;C:\Users\Degus\.gradle\caches\modules-2\files-2.1\org.lwjgl.lwjgl\lwjgl\2.9.3\3df168ac74e4a8c96562cdff24ad352e255bf89c\lwjgl-2.9.3.jar;C:\Users\Degus\.gradle\caches\modules-2\files-2.1\com.badlogicgames.jlayer\jlayer\1.0.1-gdx\7cca83cec5c1b2f011362f4d85aabd71a73b049d\jlayer-1.0.1-gdx.jar;C:\Users\Degus\.gradle\caches\modules-2\files-2.1\org.jcraft\jorbis\0.0.17\8872d22b293e8f5d7d56ff92be966e6dc28ebdc6\jorbis-0.0.17.jar;C:\Users\Degus\.gradle\caches\modules-2
Launcher Type: SUN_STANDARD

Environment Variables:
PATH=C:\Program Files (x86)\Common Files\Oracle\Java\javapath;C:\ProgramData\Oracle\Java\javapath;C:\WINDOWS\system32;C:\WINDOWS;C:\WINDOWS\System32\Wbem;C:\WINDOWS\System32\WindowsPowerShell\v1.0\;C:\WINDOWS\System32\OpenSSH\;C:\Program Files\Intel\WiFi\bin\;C:\Program Files\Common Files\Intel\WirelessCommon\;C:\Program Files\dotnet\;C:\Program Files\Microsoft SQL Server\130\Tools\Binn\;C:\Program Files (x86)\Brackets\command;C:\Users\Degus\AppData\Local\Programs\Python\Python37;C:\Users\Degus\AppData\Local\Programs\Python\Python37\Scripts;C:\Program Files\MySQL\MySQL Workbench 8.0 CE;C:\Program Files\Git\cmd;C:\Users\Degus\AppData\Local\Programs\Python\Python38-32\Scripts\;C:\Users\Degus\AppData\Local\Programs\Python\Python38-32\;C:\Users\Degus\AppData\Local\Programs\Python\Python37\Scripts\;C:\Users\Degus\AppData\Local\Programs\Python\Python37\;C:\Users\Degus\AppData\Local\Microsoft\WindowsApps;C:\Program Files\Intel\WiFi\bin\;C:\Program Files\Common Files\Intel\WirelessCommon\;C:\Program Files\JetBrains\IntelliJ IDEA Community Edition 2018.3\bin;C:\Users\Degus\AppData\Local\GitHubDesktop\bin;C:\Users\Degus\AppData\Local\Microsoft\WindowsApps;
USERNAME=Degus
OS=Windows_NT
PROCESSOR_IDENTIFIER=Intel64 Family 6 Model 58 Stepping 9, GenuineIntel



---------------  S Y S T E M  ---------------

OS: Windows 10.0 , 64 bit Build 18362 (10.0.18362.329)

CPU:total 8 (initial active 8) (4 cores per cpu, 2 threads per core) family 6 model 58 stepping 9, cmov, cx8, fxsr, mmx, sse, sse2, sse3, ssse3, sse4.1, sse4.2, popcnt, avx, aes, clmul, erms, ht, tsc, tscinvbit, tscinv

Memory: 4k page, physical 8271696k(3944316k free), swap 10039332k(1465492k free)

vm_info: OpenJDK 64-Bit Server VM (25.212-b04) for windows-amd64 JRE (1.8.0_212-release-1586-b04), built by "builder" with MS VC++ 10.0 (VS2010)

time: Fri Apr 03 11:04:07 2020
timezone: Hora de verano romance
elapsed time: 7 seconds (0d 0h 0m 7s)

